2026-05-20 22:21:02 | INFO     | Logger ready → logs/beforward_urls_20260520_222102.log
2026-05-20 22:21:02 | INFO     | ============================================================
2026-05-20 22:21:02 | INFO     | BE FORWARD vehicle URL scraper started
2026-05-20 22:21:02 | INFO     | Source: https://www.beforward.jp/stocklist/sar=steering/steering=Right/tp_country_id=27
2026-05-20 22:21:02 | INFO     | ============================================================
2026-05-20 22:21:02 | DEBUG    | GET https://www.beforward.jp/stocklist/sar=steering/steering=Right/tp_country_id=27
2026-05-20 22:21:10 | INFO     | Total pages detected: 4,000
2026-05-20 22:21:10 | INFO     | Capped at 5 pages
2026-05-20 22:21:10 | DEBUG    | Skipping SOLD listing
2026-05-20 22:21:10 | DEBUG    | Found: https://www.beforward.jp/toyota/voxy/cc101493/id/14125868/
2026-05-20 22:21:10 | DEBUG    | Found: https://www.beforward.jp/toyota/regiusace-van/cc260209/id/14289814/
2026-05-20 22:21:10 | DEBUG    | Found: https://www.beforward.jp/suzuki/jimny/cc711605/id/14769476/
2026-05-20 22:21:10 | DEBUG    | Found: https://www.beforward.jp/suzuki/jimny/cc862445/id/14896107/
2026-05-20 22:21:10 | DEBUG    | Found: https://www.beforward.jp/isuzu/elf-truck/cd066063/id/15018493/
2026-05-20 22:21:10 | DEBUG    | Found: https://www.beforward.jp/toyota/harrier/cd066064/id/15018509/
2026-05-20 22:21:10 | DEBUG    | Found: https://www.beforward.jp/jeep/wrangler/cd066265/id/15018558/
2026-05-20 22:21:10 | DEBUG    | Found: https://www.beforward.jp/subaru/forester/cd066266/id/15018599/
2026-05-20 22:21:10 | DEBUG    | Found: https://www.beforward.jp/lexus/rx/cd270530/id/15223903/
2026-05-20 22:21:10 | DEBUG    | Found: https://www.beforward.jp/mercedes-benz/c-class-coupe/cd270971/id/15224558/
2026-05-20 22:21:10 | DEBUG    | Found: https://www.beforward.jp/subaru/forester/cd270073/id/15223574/
2026-05-20 22:21:10 | DEBUG    | Found: https://www.beforward.jp/toyota/sienta/cd274536/id/15228125/
2026-05-20 22:21:10 | DEBUG    | Found: https://www.beforward.jp/nissan/x-trail/cd270984/id/15224571/
2026-05-20 22:21:10 | DEBUG    | Found: https://www.beforward.jp/nissan/qashqai/cd274967/id/15228563/
2026-05-20 22:21:10 | DEBUG    | Found: https://www.beforward.jp/mazda/mazda3-sedan/cd289827/id/15243529/
2026-05-20 22:21:10 | DEBUG    | Found: https://www.beforward.jp/toyota/harrier/cd273523/id/15227111/
2026-05-20 22:21:10 | DEBUG    | Found: https://www.beforward.jp/nissan/x-trail/cd274966/id/15228562/
2026-05-20 22:21:10 | DEBUG    | Found: https://www.beforward.jp/mercedes-benz/a-class/cd273761/id/15227350/
2026-05-20 22:21:10 | DEBUG    | Found: https://www.beforward.jp/honda/odyssey/cd273411/id/15226999/
2026-05-20 22:21:10 | DEBUG    | Found: https://www.beforward.jp/honda/vezel/cd287060/id/15241087/
2026-05-20 22:21:10 | DEBUG    | Found: https://www.beforward.jp/honda/vezel/cd287286/id/15241337/
2026-05-20 22:21:10 | DEBUG    | Found: https://www.beforward.jp/bmw/x6/cd288601/id/15242296/
2026-05-20 22:21:10 | DEBUG    | Found: https://www.beforward.jp/bmw/x6/cd287136/id/15241172/
2026-05-20 22:21:10 | DEBUG    | Found: https://www.beforward.jp/mercedes-benz/e-class/cd288555/id/15242250/
2026-05-20 22:21:10 | INFO     | Page 1/5 → 24 URLs | Total: 24
2026-05-20 22:21:10 | DEBUG    | GET https://www.beforward.jp/stocklist/page=2/sar=steering/steering=Right/tp_country_id=27
2026-05-20 22:21:19 | DEBUG    | Found: https://www.beforward.jp/mercedes-benz/gla-class/cd287241/id/15241290/
2026-05-20 22:21:19 | DEBUG    | Found: https://www.beforward.jp/mercedes-benz/s-class/cd289120/id/15242819/
2026-05-20 22:21:19 | DEBUG    | Found: https://www.beforward.jp/mercedes-benz/gla-class/cd288534/id/15242228/
2026-05-20 22:21:19 | DEBUG    | Found: https://www.beforward.jp/nissan/qashqai/cd288549/id/15242244/
2026-05-20 22:21:19 | DEBUG    | Found: https://www.beforward.jp/honda/odyssey/cd288535/id/15242229/
2026-05-20 22:21:19 | DEBUG    | Found: https://www.beforward.jp/mazda/mazda3-sedan/cd288531/id/15242225/
2026-05-20 22:21:19 | DEBUG    | Found: https://www.beforward.jp/nissan/x-trail/cd288548/id/15242243/
2026-05-20 22:21:19 | DEBUG    | Found: https://www.beforward.jp/suzuki/vitara/cd288606/id/15242301/
2026-05-20 22:21:19 | DEBUG    | Found: https://www.beforward.jp/toyota/corolla-altis/cd289651/id/15243353/
2026-05-20 22:21:19 | DEBUG    | Found: https://www.beforward.jp/mercedes-benz/e-class/cd289465/id/15243164/
2026-05-20 22:21:19 | DEBUG    | Found: https://www.beforward.jp/mercedes-benz/c-class/cd288796/id/15242491/
2026-05-20 22:21:19 | DEBUG    | Found: https://www.beforward.jp/mercedes-benz/e-class/cd301635/id/15255621/
2026-05-20 22:21:19 | DEBUG    | Found: https://www.beforward.jp/bmw/x5/cd301636/id/15255624/
2026-05-20 22:21:19 | DEBUG    | Found: https://www.beforward.jp/nissan/x-trail/cd302197/id/15256133/
2026-05-20 22:21:19 | DEBUG    | Found: https://www.beforward.jp/bmw/2-series/cd301618/id/15255584/
2026-05-20 22:21:19 | DEBUG    | Found: https://www.beforward.jp/porsche/panamera/cd305293/id/15258800/
2026-05-20 22:21:19 | DEBUG    | Found: https://www.beforward.jp/mitsubishi/outlander/cd302200/id/15256136/
2026-05-20 22:21:19 | DEBUG    | Found: https://www.beforward.jp/mercedes-benz/cla-class/cd303192/id/15256683/
2026-05-20 22:21:19 | DEBUG    | Found: https://www.beforward.jp/toyota/corolla-altis/cd303194/id/15256685/
2026-05-20 22:21:19 | DEBUG    | Found: https://www.beforward.jp/toyota/corolla-altis/cd302228/id/15256164/
2026-05-20 22:21:19 | DEBUG    | Found: https://www.beforward.jp/mercedes-benz/e-class/cd302214/id/15256150/
2026-05-20 22:21:19 | DEBUG    | Found: https://www.beforward.jp/mazda/cx-5/cd303209/id/15256701/
2026-05-20 22:21:19 | DEBUG    | Found: https://www.beforward.jp/volkswagen/golf/cd303212/id/15256704/
2026-05-20 22:21:19 | DEBUG    | Found: https://www.beforward.jp/honda/odyssey/cd303146/id/15256633/
2026-05-20 22:21:19 | DEBUG    | Found: https://www.beforward.jp/mercedes-benz/e-class/cd303181/id/15256670/
2026-05-20 22:21:19 | INFO     | Page 2/5 → 25 URLs | Total: 49
2026-05-20 22:21:21 | DEBUG    | GET https://www.beforward.jp/stocklist/page=3/sar=steering/steering=Right/tp_country_id=27
2026-05-20 22:21:27 | DEBUG    | Found: https://www.beforward.jp/honda/vezel/cd304162/id/15257662/
2026-05-20 22:21:27 | DEBUG    | Found: https://www.beforward.jp/honda/vezel/cd304279/id/15257779/
2026-05-20 22:21:27 | DEBUG    | Found: https://www.beforward.jp/honda/vezel/cd304327/id/15257827/
2026-05-20 22:21:27 | DEBUG    | Found: https://www.beforward.jp/mazda/cx-5/cd303151/id/15256639/
2026-05-20 22:21:27 | DEBUG    | Found: https://www.beforward.jp/volvo/xc60/cd304328/id/15257828/
2026-05-20 22:21:27 | DEBUG    | Found: https://www.beforward.jp/mazda/mazda3/cd303071/id/15256554/
2026-05-20 22:21:27 | DEBUG    | Found: https://www.beforward.jp/nissan/x-trail/cd304341/id/15257841/
2026-05-20 22:21:27 | DEBUG    | Found: https://www.beforward.jp/mercedes-benz/s-class/cd304713/id/15258213/
2026-05-20 22:21:27 | DEBUG    | Found: https://www.beforward.jp/toyota/rav4/cd156954/id/15109965/
2026-05-20 22:21:27 | DEBUG    | Found: https://www.beforward.jp/mazda/flair/cd006411/id/14957996/
2026-05-20 22:21:27 | DEBUG    | Found: https://www.beforward.jp/suzuki/every-wagon/cd006408/id/14957993/
2026-05-20 22:21:27 | DEBUG    | Found: https://www.beforward.jp/nissan/pino/cd006405/id/14957990/
2026-05-20 22:21:27 | DEBUG    | Found: https://www.beforward.jp/suzuki/palette/cd006378/id/14957963/
2026-05-20 22:21:27 | DEBUG    | Found: https://www.beforward.jp/nissan/serena/cd006390/id/14957975/
2026-05-20 22:21:27 | DEBUG    | Found: https://www.beforward.jp/toyota/aqua/cd006396/id/14957982/
2026-05-20 22:21:27 | DEBUG    | Found: https://www.beforward.jp/porsche/cayenne/cd218912/id/15172056/
2026-05-20 22:21:27 | DEBUG    | Found: https://www.beforward.jp/nissan/dayz/cd006436/id/14958021/
2026-05-20 22:21:27 | DEBUG    | Found: https://www.beforward.jp/daihatsu/tanto/cd006435/id/14958020/
2026-05-20 22:21:27 | DEBUG    | Found: https://www.beforward.jp/daihatsu/tanto-custom/cd006434/id/14958019/
2026-05-20 22:21:27 | DEBUG    | Found: https://www.beforward.jp/toyota/aqua/cc574228/id/14595042/
2026-05-20 22:21:27 | DEBUG    | Found: https://www.beforward.jp/honda/n-box/cd306322/id/15259845/
2026-05-20 22:21:27 | DEBUG    | Found: https://www.beforward.jp/honda/n-wgn/cd306323/id/15259846/
2026-05-20 22:21:27 | DEBUG    | Found: https://www.beforward.jp/nissan/note/cd306324/id/15259847/
2026-05-20 22:21:27 | DEBUG    | Found: https://www.beforward.jp/toyota/alphard-hybrid/cd306325/id/15259848/
2026-05-20 22:21:27 | DEBUG    | Found: https://www.beforward.jp/toyota/mark-ii/cd306326/id/15259849/
2026-05-20 22:21:27 | INFO     | Page 3/5 → 25 URLs | Total: 74
2026-05-20 22:21:29 | DEBUG    | GET https://www.beforward.jp/stocklist/page=4/sar=steering/steering=Right/tp_country_id=27
2026-05-20 22:21:36 | DEBUG    | Found: https://www.beforward.jp/hino/dutro/cd306327/id/15259850/
2026-05-20 22:21:36 | DEBUG    | Found: https://www.beforward.jp/suzuki/spacia/cd306328/id/15259851/
2026-05-20 22:21:36 | DEBUG    | Found: https://www.beforward.jp/suzuki/wagon-r/cd306329/id/15259852/
2026-05-20 22:21:36 | DEBUG    | Found: https://www.beforward.jp/mitsubishi/ek-wagon/cd306330/id/15259853/
2026-05-20 22:21:36 | DEBUG    | Found: https://www.beforward.jp/suzuki/carry-truck/cd306331/id/15259854/
2026-05-20 22:21:36 | DEBUG    | Found: https://www.beforward.jp/lexus/lx/cd306332/id/15259855/
2026-05-20 22:21:36 | DEBUG    | Found: https://www.beforward.jp/nissan/qashqai/cd306321/id/15259844/
2026-05-20 22:21:36 | DEBUG    | Found: https://www.beforward.jp/nissan/otti/cd043858/id/14995567/
2026-05-20 22:21:36 | DEBUG    | Found: https://www.beforward.jp/hino/dutro/cd306320/id/15259843/
2026-05-20 22:21:36 | DEBUG    | Found: https://www.beforward.jp/honda/vezel/cd306319/id/15259842/
2026-05-20 22:21:36 | DEBUG    | Found: https://www.beforward.jp/toyota/vellfire/cd306318/id/15259841/
2026-05-20 22:21:36 | DEBUG    | Found: https://www.beforward.jp/suzuki/jimny-nomade/cd209256/id/15162829/
2026-05-20 22:21:36 | DEBUG    | Found: https://www.beforward.jp/daihatsu/hijet-cargo/by135618/id/11280748/
2026-05-20 22:21:36 | DEBUG    | Found: https://www.beforward.jp/jaguar/xj-series/cd306307/id/15259830/
2026-05-20 22:21:36 | DEBUG    | Found: https://www.beforward.jp/subaru/impreza/cd306308/id/15259831/
2026-05-20 22:21:36 | DEBUG    | Found: https://www.beforward.jp/toyota/dyna-truck/cd306309/id/15259832/
2026-05-20 22:21:36 | DEBUG    | Found: https://www.beforward.jp/jaguar/xj-series/cd306310/id/15259833/
2026-05-20 22:21:36 | DEBUG    | Found: https://www.beforward.jp/mitsubishi/canter/cd306311/id/15259834/
2026-05-20 22:21:36 | DEBUG    | Found: https://www.beforward.jp/mitsubishi/canter/cd306312/id/15259835/
2026-05-20 22:21:36 | DEBUG    | Found: https://www.beforward.jp/isuzu/elf-truck/cd306313/id/15259836/
2026-05-20 22:21:36 | DEBUG    | Found: https://www.beforward.jp/isuzu/elf-truck/cd306314/id/15259837/
2026-05-20 22:21:36 | DEBUG    | Found: https://www.beforward.jp/daihatsu/tanto/cd306315/id/15259838/
2026-05-20 22:21:36 | DEBUG    | Found: https://www.beforward.jp/daihatsu/mira-cocoa/cd306316/id/15259839/
2026-05-20 22:21:36 | DEBUG    | Found: https://www.beforward.jp/nissan/clipper/cd306317/id/15259840/
2026-05-20 22:21:36 | DEBUG    | Found: https://www.beforward.jp/mercedes-benz/cla-class/cd257292/id/15209803/
2026-05-20 22:21:36 | INFO     | Page 4/5 → 25 URLs | Total: 99
2026-05-20 22:21:37 | DEBUG    | GET https://www.beforward.jp/stocklist/page=5/sar=steering/steering=Right/tp_country_id=27
2026-05-20 22:21:46 | DEBUG    | Found: https://www.beforward.jp/toyota/corolla-altis/cd306306/id/15259829/
2026-05-20 22:21:46 | DEBUG    | Found: https://www.beforward.jp/toyota/vitz/cc379985/id/14398184/
2026-05-20 22:21:46 | DEBUG    | Found: https://www.beforward.jp/toyota/progres/cc539998/id/14560065/
2026-05-20 22:21:46 | DEBUG    | Found: https://www.beforward.jp/suzuki/lapin/cd306266/id/15259789/
2026-05-20 22:21:46 | DEBUG    | Found: https://www.beforward.jp/lexus/ct/cd306267/id/15259790/
2026-05-20 22:21:46 | DEBUG    | Found: https://www.beforward.jp/suzuki/spacia/cd306268/id/15259791/
2026-05-20 22:21:46 | DEBUG    | Found: https://www.beforward.jp/toyota/vitz/cd306269/id/15259792/
2026-05-20 22:21:46 | DEBUG    | Found: https://www.beforward.jp/honda/shuttle/cd306270/id/15259793/
2026-05-20 22:21:46 | DEBUG    | Found: https://www.beforward.jp/nissan/dayz-roox/cd306271/id/15259794/
2026-05-20 22:21:46 | DEBUG    | Found: https://www.beforward.jp/mercedes-benz/b-class/cd306272/id/15259795/
2026-05-20 22:21:46 | DEBUG    | Found: https://www.beforward.jp/toyota/prius-alpha/cd306274/id/15259797/
2026-05-20 22:21:46 | DEBUG    | Found: https://www.beforward.jp/nissan/dayz/cd306276/id/15259799/
2026-05-20 22:21:46 | DEBUG    | Found: https://www.beforward.jp/nissan/moco/cd306278/id/15259801/
2026-05-20 22:21:46 | DEBUG    | Found: https://www.beforward.jp/suzuki/lapin/cd306279/id/15259802/
2026-05-20 22:21:46 | DEBUG    | Found: https://www.beforward.jp/suzuki/lapin/cd306280/id/15259803/
2026-05-20 22:21:46 | DEBUG    | Found: https://www.beforward.jp/daihatsu/tanto/cd306281/id/15259804/
2026-05-20 22:21:46 | DEBUG    | Found: https://www.beforward.jp/suzuki/lapin/cd306283/id/15259806/
2026-05-20 22:21:46 | DEBUG    | Found: https://www.beforward.jp/honda/fit-hybrid/cd306285/id/15259808/
2026-05-20 22:21:46 | DEBUG    | Found: https://www.beforward.jp/toyota/hilux/cd306286/id/15259809/
2026-05-20 22:21:46 | DEBUG    | Found: https://www.beforward.jp/suzuki/swift/cd306289/id/15259812/
2026-05-20 22:21:46 | DEBUG    | Found: https://www.beforward.jp/toyota/porte/cd306290/id/15259813/
2026-05-20 22:21:46 | DEBUG    | Found: https://www.beforward.jp/subaru/stella/cd306291/id/15259814/
2026-05-20 22:21:46 | DEBUG    | Found: https://www.beforward.jp/toyota/86/cd306292/id/15259815/
2026-05-20 22:21:46 | DEBUG    | Found: https://www.beforward.jp/toyota/aqua/cd306293/id/15259816/
2026-05-20 22:21:46 | DEBUG    | Found: https://www.beforward.jp/suzuki/hustler/cd306294/id/15259817/
2026-05-20 22:21:46 | INFO     | Page 5/5 → 25 URLs | Total: 124
2026-05-20 22:21:48 | INFO     | Saved 124 URLs → data/raw/beforward/vehicle_urls_20260520_222148.json
2026-05-20 22:21:48 | INFO     | ============================================================
2026-05-20 22:21:48 | INFO     | Done. Total vehicle URLs collected: 124
2026-05-20 22:21:48 | INFO     | ============================================================
