2026-05-21 11:46:28 | INFO     | Logger ready → logs/beforward_20260521_114628.log
2026-05-21 11:46:28 | INFO     | ▶ BE FORWARD full pipeline started
2026-05-21 11:46:28 | INFO     | ============================================================
2026-05-21 11:46:28 | INFO     | PHASE 1 — Collecting vehicle URLs
2026-05-21 11:46:28 | INFO     | Source: https://www.beforward.jp/stocklist/sar=steering/steering=Right/tp_country_id=27
2026-05-21 11:46:28 | INFO     | ============================================================
2026-05-21 11:46:28 | DEBUG    | GET https://www.beforward.jp/stocklist/sar=steering/steering=Right/tp_country_id=27
2026-05-21 11:46:34 | INFO     | Total pages detected: 4,000
2026-05-21 11:46:34 | INFO     | Capped at 1 pages
2026-05-21 11:46:34 | DEBUG    | Skipping SOLD listing
2026-05-21 11:46:34 | DEBUG    | Found: https://www.beforward.jp/toyota/voxy/cc101493/id/14125868/
2026-05-21 11:46:34 | DEBUG    | Found: https://www.beforward.jp/toyota/regiusace-van/cc260209/id/14289814/
2026-05-21 11:46:34 | DEBUG    | Found: https://www.beforward.jp/suzuki/jimny/cc711605/id/14769476/
2026-05-21 11:46:34 | DEBUG    | Found: https://www.beforward.jp/suzuki/jimny/cc862445/id/14896107/
2026-05-21 11:46:34 | DEBUG    | Found: https://www.beforward.jp/isuzu/elf-truck/cd066063/id/15018493/
2026-05-21 11:46:34 | DEBUG    | Found: https://www.beforward.jp/jeep/wrangler/cd066265/id/15018558/
2026-05-21 11:46:34 | DEBUG    | Found: https://www.beforward.jp/subaru/forester/cd066266/id/15018599/
2026-05-21 11:46:34 | DEBUG    | Found: https://www.beforward.jp/mitsubishi/canter/cd269085/id/15221953/
2026-05-21 11:46:34 | DEBUG    | Found: https://www.beforward.jp/nissan/atlas/cd269086/id/15221971/
2026-05-21 11:46:34 | DEBUG    | Found: https://www.beforward.jp/land-rover/range-rover-evoque/cd314384/id/15268549/
2026-05-21 11:46:34 | DEBUG    | Found: https://www.beforward.jp/land-rover/range-rover-evoque/cd314385/id/15268550/
2026-05-21 11:46:34 | DEBUG    | Found: https://www.beforward.jp/land-rover/range-rover-evoque/cd314386/id/15268551/
2026-05-21 11:46:34 | DEBUG    | Found: https://www.beforward.jp/land-rover/range-rover-evoque/cd314387/id/15268552/
2026-05-21 11:46:34 | DEBUG    | Found: https://www.beforward.jp/land-rover/range-rover-evoque/cd314388/id/15268553/
2026-05-21 11:46:34 | DEBUG    | Found: https://www.beforward.jp/land-rover/range-rover-evoque/cd314389/id/15268554/
2026-05-21 11:46:34 | DEBUG    | Found: https://www.beforward.jp/land-rover/range-rover-evoque/cd314390/id/15268555/
2026-05-21 11:46:34 | DEBUG    | Found: https://www.beforward.jp/mazda/demio/cd227990/id/15192526/
2026-05-21 11:46:34 | DEBUG    | Found: https://www.beforward.jp/suzuki/jimny/cd240396/id/15218900/
2026-05-21 11:46:34 | DEBUG    | Found: https://www.beforward.jp/honda/life-dunk/cd240436/id/15222317/
2026-05-21 11:46:34 | DEBUG    | Found: https://www.beforward.jp/toyota/succeed-van/cd235720/id/15193984/
2026-05-21 11:46:34 | DEBUG    | Found: https://www.beforward.jp/mazda/titan/cd249348/id/15235692/
2026-05-21 11:46:34 | DEBUG    | Found: https://www.beforward.jp/toyota/aqua/cd235738/id/15193525/
2026-05-21 11:46:34 | DEBUG    | Found: https://www.beforward.jp/mazda/demio/cd240433/id/15222263/
2026-05-21 11:46:34 | DEBUG    | Found: https://www.beforward.jp/mitsubishi/pajero/cd246369/id/15216799/
2026-05-21 11:46:34 | INFO     | Page 1/1 → 24 | Total: 24
2026-05-21 11:46:34 | INFO     | Saved → data/raw/beforward/vehicle_urls_20260521_114634.json
2026-05-21 11:46:34 | INFO     | Phase 1 complete — 24 URLs collected
2026-05-21 11:46:34 | INFO     | ============================================================
2026-05-21 11:46:34 | INFO     | PHASE 2 — Scraping 24 detail pages
2026-05-21 11:46:34 | INFO     | ============================================================
2026-05-21 11:46:34 | DEBUG    | GET https://www.beforward.jp/toyota/voxy/cc101493/id/14125868/
2026-05-21 11:46:38 | INFO     | Parsed: 2009 TOYOTA VOXY ZS KIRAMEKI | Ref: CC101493 | Price: $3,140 | Images: 0
2026-05-21 11:46:38 | INFO     | [1/24] Done: CC101493
2026-05-21 11:46:39 | DEBUG    | GET https://www.beforward.jp/toyota/regiusace-van/cc260209/id/14289814/
2026-05-21 11:46:43 | INFO     | Parsed: 2012 TOYOTA REGIUSACE VAN WIDE SUPER GL | Ref: CC260209 | Price: $7,970 | Images: 0
2026-05-21 11:46:43 | INFO     | [2/24] Done: CC260209
2026-05-21 11:46:45 | DEBUG    | GET https://www.beforward.jp/suzuki/jimny/cc711605/id/14769476/
2026-05-21 11:46:48 | INFO     | Parsed: 2000 SUZUKI JIMNY | Ref: CC711605 | Price: $2,150 | Images: 0
2026-05-21 11:46:48 | INFO     | [3/24] Done: CC711605
2026-05-21 11:46:50 | DEBUG    | GET https://www.beforward.jp/suzuki/jimny/cc862445/id/14896107/
2026-05-21 11:46:55 | INFO     | Parsed: 1989 SUZUKI JIMNY | Ref: CC862445 | Price: $1,900 | Images: 0
2026-05-21 11:46:55 | INFO     | [4/24] Done: CC862445
2026-05-21 11:46:57 | DEBUG    | GET https://www.beforward.jp/isuzu/elf-truck/cd066063/id/15018493/
2026-05-21 11:47:02 | INFO     | Parsed: 1997 ISUZU ELF TRUCK | Ref: CD066063 | Price: $6,120 | Images: 0
2026-05-21 11:47:02 | INFO     | [5/24] Done: CD066063
2026-05-21 11:47:03 | DEBUG    | GET https://www.beforward.jp/jeep/wrangler/cd066265/id/15018558/
2026-05-21 11:47:10 | INFO     | Parsed: 2019 JEEP WRANGLER UNLIMITED SAHARA | Ref: CD066265 | Price: $16,980 | Images: 0
2026-05-21 11:47:10 | INFO     | [6/24] Done: CD066265
2026-05-21 11:47:12 | DEBUG    | GET https://www.beforward.jp/subaru/forester/cd066266/id/15018599/
2026-05-21 11:47:19 | INFO     | Parsed: 2012 SUBARU FORESTER | Ref: CD066266 | Price: $3,370 | Images: 0
2026-05-21 11:47:19 | INFO     | [7/24] Done: CD066266
2026-05-21 11:47:21 | DEBUG    | GET https://www.beforward.jp/mitsubishi/canter/cd269085/id/15221953/
2026-05-21 11:47:26 | INFO     | Parsed: 2000 MITSUBISHI CANTER | Ref: CD269085 | Price: $5,850 | Images: 0
2026-05-21 11:47:26 | INFO     | [8/24] Done: CD269085
2026-05-21 11:47:27 | DEBUG    | GET https://www.beforward.jp/nissan/atlas/cd269086/id/15221971/
2026-05-21 11:47:35 | INFO     | Parsed: 1998 NISSAN ATLAS | Ref: CD269086 | Price: $1,020 | Images: 0
2026-05-21 11:47:35 | INFO     | [9/24] Done: CD269086
2026-05-21 11:47:37 | DEBUG    | GET https://www.beforward.jp/land-rover/range-rover-evoque/cd314384/id/15268549/
2026-05-21 11:48:02 | INFO     | Parsed: 2017 LAND ROVER RANGE ROVER EVOQUE AUTOMATIC DIESEL | Ref: N/A | Price: $24,190 | Images: 0
2026-05-21 11:48:02 | INFO     | [10/24] Done: N/A
2026-05-21 11:48:04 | DEBUG    | GET https://www.beforward.jp/land-rover/range-rover-evoque/cd314385/id/15268550/
2026-05-21 11:48:34 | INFO     | Parsed: 2017 LAND ROVER RANGE ROVER EVOQUE AUTOMATIC DIESEL | Ref: N/A | Price: $21,480 | Images: 0
2026-05-21 11:48:34 | INFO     | [11/24] Done: N/A
2026-05-21 11:48:36 | DEBUG    | GET https://www.beforward.jp/land-rover/range-rover-evoque/cd314386/id/15268551/
2026-05-21 11:48:57 | INFO     | Parsed: 2017 LAND ROVER RANGE ROVER EVOQUE AUTOMATIC DIESEL | Ref: N/A | Price: $15,900 | Images: 0
2026-05-21 11:48:57 | INFO     | [12/24] Done: N/A
2026-05-21 11:48:59 | DEBUG    | GET https://www.beforward.jp/land-rover/range-rover-evoque/cd314387/id/15268552/
2026-05-21 11:49:08 | INFO     | Parsed: 2017 LAND ROVER RANGE ROVER EVOQUE AUTOMATIC DIESEL | Ref: N/A | Price: $15,750 | Images: 0
2026-05-21 11:49:08 | INFO     | [13/24] Done: N/A
2026-05-21 11:49:10 | DEBUG    | GET https://www.beforward.jp/land-rover/range-rover-evoque/cd314388/id/15268553/
2026-05-21 11:49:32 | INFO     | Parsed: 2017 LAND ROVER RANGE ROVER EVOQUE AUTOMATIC DIESEL | Ref: N/A | Price: $14,890 | Images: 0
2026-05-21 11:49:32 | INFO     | [14/24] Done: N/A
2026-05-21 11:49:33 | DEBUG    | GET https://www.beforward.jp/land-rover/range-rover-evoque/cd314389/id/15268554/
2026-05-21 11:49:53 | INFO     | Parsed: 2017 LAND ROVER RANGE ROVER EVOQUE AUTOMATIC DIESEL | Ref: N/A | Price: $17,100 | Images: 0
2026-05-21 11:49:53 | INFO     | [15/24] Done: N/A
2026-05-21 11:49:55 | DEBUG    | GET https://www.beforward.jp/land-rover/range-rover-evoque/cd314390/id/15268555/
2026-05-21 11:50:11 | INFO     | Parsed: 2017 LAND ROVER RANGE ROVER EVOQUE AUTOMATIC DIESEL | Ref: N/A | Price: $17,350 | Images: 0
2026-05-21 11:50:11 | INFO     | [16/24] Done: N/A
2026-05-21 11:50:13 | DEBUG    | GET https://www.beforward.jp/mazda/demio/cd227990/id/15192526/
2026-05-21 11:50:26 | INFO     | Parsed: 2015 MAZDA DEMIO XD MID CENTURY | Ref: CD227990 | Price: $2,280 | Images: 0
2026-05-21 11:50:26 | INFO     | [17/24] Done: CD227990
2026-05-21 11:50:28 | DEBUG    | GET https://www.beforward.jp/suzuki/jimny/cd240396/id/15218900/
2026-05-21 11:50:34 | INFO     | Parsed: 2001 SUZUKI JIMNY LANDVENTURE | Ref: CD240396 | Price: $1,550 | Images: 0
2026-05-21 11:50:34 | INFO     | [18/24] Done: CD240396
2026-05-21 11:50:35 | DEBUG    | GET https://www.beforward.jp/honda/life-dunk/cd240436/id/15222317/
2026-05-21 11:50:49 | INFO     | Parsed: 2001 HONDA LIFE DUNK | Ref: CD240436 | Price: $1,610 | Images: 0
2026-05-21 11:50:49 | INFO     | [19/24] Done: CD240436
2026-05-21 11:50:51 | DEBUG    | GET https://www.beforward.jp/toyota/succeed-van/cd235720/id/15193984/
2026-05-21 11:50:55 | INFO     | Parsed: 2016 TOYOTA SUCCEED VAN | Ref: CD235720 | Price: $2,940 | Images: 0
2026-05-21 11:50:55 | INFO     | [20/24] Done: CD235720
2026-05-21 11:50:56 | DEBUG    | GET https://www.beforward.jp/mazda/titan/cd249348/id/15235692/
2026-05-21 11:51:04 | INFO     | Parsed: 1997 MAZDA TITAN | Ref: CD249348 | Price: $5,460 | Images: 0
2026-05-21 11:51:04 | INFO     | [21/24] Done: CD249348
2026-05-21 11:51:05 | DEBUG    | GET https://www.beforward.jp/toyota/aqua/cd235738/id/15193525/
2026-05-21 11:51:16 | INFO     | Parsed: 2019 TOYOTA AQUA HYBRID | Ref: CD235738 | Price: $3,800 | Images: 0
2026-05-21 11:51:16 | INFO     | [22/24] Done: CD235738
2026-05-21 11:51:17 | DEBUG    | GET https://www.beforward.jp/mazda/demio/cd240433/id/15222263/
2026-05-21 11:51:22 | INFO     | Parsed: 2013 MAZDA DEMIO 13 SKYACTIV SHOOTING STAR SPORT | Ref: CD240433 | Price: $1,650 | Images: 0
2026-05-21 11:51:22 | INFO     | [23/24] Done: CD240433
2026-05-21 11:51:24 | DEBUG    | GET https://www.beforward.jp/mitsubishi/pajero/cd246369/id/15216799/
2026-05-21 11:51:33 | INFO     | Parsed: 2007 MITSUBISHI PAJERO LONG EXCEED | Ref: CD246369 | Price: $4,460 | Images: 0
2026-05-21 11:51:33 | INFO     | [24/24] Done: CD246369
2026-05-21 11:51:34 | INFO     | Saved → data/raw/beforward/cars_20260521_115134.json
2026-05-21 11:51:34 | INFO     | Phase 2 complete — 24 cars scraped
2026-05-21 11:51:34 | INFO     | ============================================================
2026-05-21 11:51:34 | INFO     | Pipeline complete
2026-05-21 11:51:34 | INFO     |   URLs collected : 24
2026-05-21 11:51:34 | INFO     |   Cars scraped   : 24
2026-05-21 11:51:34 | INFO     |   Output dir     : /home/outis/TechBoy/Japan_Car_Import_Advisory_Platform/scrappers/beforward/data/raw/beforward
2026-05-21 11:51:34 | INFO     | ============================================================
